<?xml version="1.0" encoding="UTF-8"?>
<!-- Generated by org.testng.reporters.JUnitReportReporter -->
<testsuite skipped="0" hostname="DESKTOP-RN62EUK" name="TestRunner.com.Runner" tests="2" failures="0" timestamp="2022-11-06T10:39:52 EST" time="2.564" errors="0">
  <testcase name="titelTest" time="0.017" classname="TestRunner.com.Runner"/>
  <system-out/>
  <testcase name="input" time="2.547" classname="TestRunner.com.Runner"/>
  <system-out/>
</testsuite> <!-- TestRunner.com.Runner -->
