<?xml version="1.0" encoding="UTF-8"?>
<!-- Generated by org.testng.reporters.JUnitReportReporter -->
<testsuite hostname="DESKTOP-RN62EUK" failures="0" tests="2" name="TestRunner.com.Runner" time="0.484" errors="0" timestamp="2022-11-07T18:21:32 EST" skipped="0">
  <testcase classname="TestRunner.com.Runner" name="titelTest" time="0.030"/>
  <system-out/>
  <testcase classname="TestRunner.com.Runner" name="input" time="0.454"/>
  <system-out/>
</testsuite> <!-- TestRunner.com.Runner -->
